[
  {
    "level": "INFO",
    "message": "android.ndkVersion from module build.gradle is 21.0.6113669"
  },
  {
    "level": "INFO",
    "message": "ndk.dir in local.properties is C:\\Users\\admin\\AppData\\Local\\Android\\Sdk\\ndk\\22.1.7171670"
  },
  {
    "level": "INFO",
    "message": "ANDROID_NDK_HOME environment variable is not set"
  },
  {
    "level": "INFO",
    "message": "sdkFolder is C:\\Users\\admin\\AppData\\Local\\Android\\Sdk"
  },
  {
    "level": "INFO",
    "message": "Considering C:\\Users\\admin\\AppData\\Local\\Android\\Sdk\\ndk\\22.1.7171670 by ndk.dir"
  },
  {
    "level": "INFO",
    "message": "Considering C:\\Users\\admin\\AppData\\Local\\Android\\Sdk\\ndk-bundle in SDK ndk-bundle folder"
  },
  {
    "level": "INFO",
    "message": "Considering C:\\Users\\admin\\AppData\\Local\\Android\\Sdk\\ndk\\22.1.7171670 in SDK ndk folder"
  },
  {
    "level": "ERROR",
    "message": "Requested NDK version 21.0.6113669 did not match the version 22.1.7171670 requested by ndk.dir at C:\\Users\\admin\\AppData\\Local\\Android\\Sdk\\ndk\\22.1.7171670"
  }
]